
/home/janne/ebsdk/ebfw/obj/lx164/lx164_sr.out:     file format elf64-alpha
/home/janne/ebsdk/ebfw/obj/lx164/lx164_sr.out
architecture: alpha, flags 0x00000010:
HAS_SYMS
start address 0x0000000000000000

Sections:
Idx Name          Size      VMA               LMA               File off  Algn
  0 .text         00001678  0000000000000000  0000000000000000  00000040  2**3
                  CONTENTS, ALLOC, LOAD, READONLY, CODE
  1 .data         00000000  0000000000000000  0000000000000000  000016b8  2**0
                  CONTENTS, ALLOC, LOAD, DATA
  2 .bss          00000000  0000000000000000  0000000000000000  000016b8  2**0
                  ALLOC
SYMBOL TABLE:
0000000000000000 l    d  .text	0000000000000000 .text
0000000000000000 l    d  .data	0000000000000000 .data
0000000000000000 l    d  .bss	0000000000000000 .bss
0000000000000000 l       .text	0000000000000000 initIPRs
0000000000000060 l       .text	0000000000000000 initGlobals
0000000000000fc8 l       .text	0000000000000000 ClearCPUErrors
0000000000000074 l       .text	0000000000000000 SetScache
0000000000000aac l       .text	0000000000000000 SCacheSets
0000000000001060 l       .text	0000000000000000 wait_n_cycles
00000000000000f4 l       .text	0000000000000000 InitPCI
0000000000000108 l       .text	0000000000000000 wbase_loop
0000000000001214 l       .text	0000000000000000 srom_wrtest
0000000000001024 l       .text	0000000000000000 InitSIO
00000000000010cc l       .text	0000000000000000 WriteLEDS
0000000000000178 l       .text	0000000000000000 InitSMC
0000000000001104 l       .text	0000000000000000 WriteSMC_Config1
0000000000001104 l       .text	0000000000000000 WriteSMC_Index1
000000000000110c l       .text	0000000000000000 WriteSMC_Data1
00000000000001bc l       .text	0000000000000000 DetectSpeed
00000000000012c0 l       .text	0000000000000000 GetCPUSpeed
00000000000011e4 l       .text	0000000000000000 nintdivide
0000000000001670 l       .text	0000000000000000 minidebugger
0000000000000220 l       .text	0000000000000000 ReadConfigJumpers
0000000000001170 l       .text	0000000000000000 ReadConf1
0000000000000314 l       .text	0000000000000000 SkipCpuSpeeds
0000000000000340 l       .text	0000000000000000 CpuSpeedOK
0000000000000338 l       .text	0000000000000000 CpuSpeedError
0000000000001230 l       .text	0000000000000000 FatalError
0000000000000340 l       .text	0000000000000000 set_bc_size
0000000000000364 l       .text	0000000000000000 bc_enabled
000000000000035c l       .text	0000000000000000 bc_disabled
0000000000000af4 l       .text	0000000000000000 BCnfgOff
00000000000003b0 l       .text	0000000000000000 srom_size_memory
0000000000000ed8 l       .text	0000000000000000 usdelay
00000000000003dc l       .text	0000000000000000 next_slot
00000000000003dc l       .text	0000000000000000 pd2
0000000000000e48 l       .text	0000000000000000 srom_iic_read_rom
0000000000000404 l       .text	0000000000000000 pd3
0000000000000400 l       .text	0000000000000000 pd2_a
0000000000000704 l       .text	0000000000000000 dimm_error
0000000000000418 l       .text	0000000000000000 pd3_a
0000000000000424 l       .text	0000000000000000 pd3_b
0000000000000444 l       .text	0000000000000000 pd3_d
0000000000000430 l       .text	0000000000000000 pd3_c
0000000000000450 l       .text	0000000000000000 pd4
0000000000000470 l       .text	0000000000000000 pd4_a
0000000000000480 l       .text	0000000000000000 pd5
0000000000000498 l       .text	0000000000000000 pd5_a
00000000000004e4 l       .text	0000000000000000 pd6
00000000000004e0 l       .text	0000000000000000 pd5_d
00000000000004a0 l       .text	0000000000000000 pd5_b
00000000000004d8 l       .text	0000000000000000 pd5_c
0000000000000500 l       .text	0000000000000000 pd6_a
000000000000050c l       .text	0000000000000000 pd7
0000000000000520 l       .text	0000000000000000 pd8
0000000000000538 l       .text	0000000000000000 pd9
0000000000000550 l       .text	0000000000000000 pd9_a
0000000000000568 l       .text	0000000000000000 pd10
0000000000000580 l       .text	0000000000000000 pd12
00000000000005a0 l       .text	0000000000000000 pd15
00000000000005b8 l       .text	0000000000000000 pd16
00000000000005d0 l       .text	0000000000000000 pd17
0000000000000630 l       .text	0000000000000000 pd18
0000000000000624 l       .text	0000000000000000 pd17_a
0000000000000648 l       .text	0000000000000000 pd19
0000000000000660 l       .text	0000000000000000 pd20
00000000000006ac l       .text	0000000000000000 pd_end
0000000000000678 l       .text	0000000000000000 pd21
0000000000000690 l       .text	0000000000000000 pd22
0000000000000724 l       .text	0000000000000000 match_save
00000000000006b8 l       .text	0000000000000000 match_good
0000000000000728 l       .text	0000000000000000 match_end
000000000000072c l       .text	0000000000000000 match_end1
0000000000000738 l       .text	0000000000000000 end_sizing
0000000000000744 l       .text	0000000000000000 FoundDIMMS
0000000000000744 l       .text	0000000000000000 srom_configure_memory
000000000000079c l       .text	0000000000000000 ForceRef
00000000000007a8 l       .text	0000000000000000 ForceRefWait
00000000000007d8 l       .text	0000000000000000 ForceRef1
00000000000007e4 l       .text	0000000000000000 ForceRefWait1
0000000000000810 l       .text	0000000000000000 check_dimm_type
00000000000008b4 l       .text	0000000000000000 continue_sniff
00000000000008c8 l       .text	0000000000000000 banks_done
0000000000000b10 l       .text	0000000000000000 BCacheOnOff
0000000000000928 l       .text	0000000000000000 SweepMemory
000000000000092c l       .text	0000000000000000 SweepMemory1
0000000000000ffc l       .text	0000000000000000 ClearMemContErrors
0000000000000964 l       .text	0000000000000000 SweepMemory2
0000000000001344 l       .text	0000000000000000 LoadSystemCode
00000000000009f0 l       .text	0000000000000000 loadInst
0000000000000a40 l       .text	0000000000000000 EV56_Detected
0000000000000a48 l       .text	0000000000000000 NextLevel
0000000000000aa8 l       .text	0000000000000000 no_minidbg
0000000000000aec l       .text	0000000000000000 AllSetsOn
0000000000000adc l       .text	0000000000000000 OneSetLoop
0000000000000b2c l       .text	0000000000000000 mcr_bc_off
0000000000000b5c l       .text	0000000000000000 gtr_bc_off
0000000000000b80 l       .text	0000000000000000 srom_iic_read_byte
0000000000000bb0 l       .text	0000000000000000 read_more_bits
0000000000000c18 l       .text	0000000000000000 srom_iic_write_byte
0000000000000c30 l       .text	0000000000000000 write_more_bits
0000000000000d04 l       .text	0000000000000000 srom_iic_start
0000000000000d54 l       .text	0000000000000000 srom_iic_stop
0000000000000de0 l       .text	0000000000000000 srom_iic_master_ack
0000000000000e90 l       .text	0000000000000000 srom_iic_read_rom_err
0000000000000e9c l       .text	0000000000000000 srom_usdelay
0000000000000ea8 l       .text	0000000000000000 usdelay_init
0000000000000ec4 l       .text	0000000000000000 usdelay_loop
0000000000000ee4 l       .text	0000000000000000 saveRegisters
0000000000000f38 l       .text	0000000000000000 restoreRegisters
0000000000000f90 l       .text	0000000000000000 get_bcr_bits
0000000000000fc4 l       .text	0000000000000000 get_btr_bits
0000000000001088 l       .text	0000000000000000 WriteSIO_ICD
00000000000010a0 l       .text	0000000000000000 WriteSIO_UBCSA
00000000000010a8 l       .text	0000000000000000 WriteSIO_UBCSB
0000000000001090 l       .text	0000000000000000 WriteSIO_PAC
0000000000001098 l       .text	0000000000000000 WriteSIO_PAPC
000000000000106c l       .text	0000000000000000 time_loop
000000000000107c l       .text	0000000000000000 nowrap
00000000000010ac l       .text	0000000000000000 WriteConf
0000000000001150 l       .text	0000000000000000 WriteData
00000000000010f4 l       .text	0000000000000000 skipSromPort
000000000000113c l       .text	0000000000000000 WriteCont
00000000000010fc l       .text	0000000000000000 WriteFBank
0000000000001138 l       .text	0000000000000000 WriteCont_std
0000000000001114 l       .text	0000000000000000 WriteRTCAddr
000000000000111c l       .text	0000000000000000 WriteRTCData
0000000000001124 l       .text	0000000000000000 WriteSIO_NMISC
000000000000112c l       .text	0000000000000000 WriteSIO_TMR2
0000000000001134 l       .text	0000000000000000 WriteSIO_TCW
0000000000001160 l       .text	0000000000000000 ReadRTCData
0000000000001174 l       .text	0000000000000000 ReadCont
0000000000001168 l       .text	0000000000000000 ReadConf2
0000000000001180 l       .text	0000000000000000 ReadData
0000000000001194 l       .text	0000000000000000 intdivide
00000000000011c8 l       .text	0000000000000000 divide_done
00000000000011a0 l       .text	0000000000000000 divide
00000000000011a4 l       .text	0000000000000000 divide1
00000000000011cc l       .text	0000000000000000 updivide
00000000000011e0 l       .text	0000000000000000 updivide_done
0000000000001210 l       .text	0000000000000000 nintdivide_done
0000000000001220 l       .text	0000000000000000 srom_rdtest
0000000000001314 l       .text	0000000000000000 wait_for_pif
000000000000126c l       .text	0000000000000000 Beep
000000000000130c l       .text	0000000000000000 noshft
0000000000001328 l       .text	0000000000000000 wait_assert
0000000000001354 l       .text	0000000000000000 scanROM
000000000000135c l       .text	0000000000000000 rescanROM
0000000000001394 l       .text	0000000000000000 ValidationPattern
0000000000001378 l       .text	0000000000000000 DoneWithROM
0000000000001498 l       .text	0000000000000000 NoHeader
0000000000001584 l       .text	0000000000000000 read_flash
00000000000013c0 l       .text	0000000000000000 InversePattern
00000000000013d8 l       .text	0000000000000000 HeaderSize
0000000000001418 l       .text	0000000000000000 HeaderIsValid
00000000000013f0 l       .text	0000000000000000 HeaderCheckSum
0000000000001460 l       .text	0000000000000000 PositionDependent
0000000000001450 l       .text	0000000000000000 FirmwareID
00000000000014b8 l       .text	0000000000000000 headerEnd
00000000000014e4 l       .text	0000000000000000 LoadComp
00000000000014cc l       .text	0000000000000000 LoadUncomp
0000000000001524 l       .text	0000000000000000 ImageCheckSums
0000000000001628 l       .text	0000000000000000 getRecord
00000000000014f4 l       .text	0000000000000000 LoadCInit
00000000000014fc l       .text	0000000000000000 LoadCLoop
0000000000001600 l       .text	0000000000000000 getByte
0000000000001520 l       .text	0000000000000000 DecompressionDone
0000000000001580 l       .text	0000000000000000 codeLoaded
0000000000001578 l       .text	0000000000000000 SumMismatch
0000000000001540 l       .text	0000000000000000 flush
0000000000001554 l       .text	0000000000000000 secondcheck
00000000000015cc l       .text	0000000000000000 ComputeCheckSum
00000000000015d0 l       .text	0000000000000000 CheckSumLoop
0000000000001618 l       .text	0000000000000000 repByte
0000000000001640 l       .text	0000000000000000 ReadFByte
000000000000163c l       .text	0000000000000000 norepeat
0000000000001664 l       .text	0000000000000000 skipRd


