
/home/janne/ebsdk/ebfw/obj/lx164/lx164sr0.out:     file format elf64-alpha
/home/janne/ebsdk/ebfw/obj/lx164/lx164sr0.out
architecture: alpha, flags 0x00000010:
HAS_SYMS
start address 0x0000000000000000

Sections:
Idx Name          Size      VMA               LMA               File off  Algn
  0 .text         00000e48  0000000000000000  0000000000000000  00000040  2**3
                  CONTENTS, ALLOC, LOAD, READONLY, CODE
  1 .data         00000000  0000000000000000  0000000000000000  00000e88  2**0
                  CONTENTS, ALLOC, LOAD, DATA
  2 .bss          00000000  0000000000000000  0000000000000000  00000e88  2**0
                  ALLOC
SYMBOL TABLE:
0000000000000000 l    d  .text	0000000000000000 .text
0000000000000000 l    d  .data	0000000000000000 .data
0000000000000000 l    d  .bss	0000000000000000 .bss
0000000000000000 l       .text	0000000000000000 initIPRs
0000000000000060 l       .text	0000000000000000 initGlobals
00000000000007a0 l       .text	0000000000000000 ClearCPUErrors
0000000000000074 l       .text	0000000000000000 SetScache
00000000000006cc l       .text	0000000000000000 SCacheSets
0000000000000838 l       .text	0000000000000000 wait_n_cycles
00000000000000f4 l       .text	0000000000000000 InitPCI
0000000000000108 l       .text	0000000000000000 wbase_loop
00000000000009ec l       .text	0000000000000000 srom_wrtest
00000000000007fc l       .text	0000000000000000 InitSIO
00000000000008a4 l       .text	0000000000000000 WriteLEDS
0000000000000178 l       .text	0000000000000000 InitSMC
00000000000008dc l       .text	0000000000000000 WriteSMC_Config1
00000000000008dc l       .text	0000000000000000 WriteSMC_Index1
00000000000008e4 l       .text	0000000000000000 WriteSMC_Data1
00000000000001bc l       .text	0000000000000000 DetectSpeed
0000000000000a98 l       .text	0000000000000000 GetCPUSpeed
00000000000009bc l       .text	0000000000000000 nintdivide
0000000000000e48 l       .text	0000000000000000 minidebugger
0000000000000228 l       .text	0000000000000000 ReadConfigJumpers
0000000000000948 l       .text	0000000000000000 ReadConf1
000000000000031c l       .text	0000000000000000 SkipCpuSpeeds
0000000000000348 l       .text	0000000000000000 CpuSpeedOK
0000000000000340 l       .text	0000000000000000 CpuSpeedError
0000000000000a08 l       .text	0000000000000000 FatalError
0000000000000348 l       .text	0000000000000000 set_bc_size
000000000000036c l       .text	0000000000000000 bc_enabled
0000000000000364 l       .text	0000000000000000 bc_disabled
0000000000000714 l       .text	0000000000000000 BCnfgOff
0000000000000420 l       .text	0000000000000000 ForceRef
000000000000042c l       .text	0000000000000000 ForceRefWait
000000000000045c l       .text	0000000000000000 ForceRef1
0000000000000468 l       .text	0000000000000000 ForceRefWait1
0000000000000730 l       .text	0000000000000000 BCacheOnOff
0000000000000540 l       .text	0000000000000000 SweepMemory
0000000000000544 l       .text	0000000000000000 SweepMemory1
00000000000007d4 l       .text	0000000000000000 ClearMemContErrors
000000000000057c l       .text	0000000000000000 SweepMemory2
0000000000000b1c l       .text	0000000000000000 LoadSystemCode
0000000000000610 l       .text	0000000000000000 loadInst
0000000000000660 l       .text	0000000000000000 EV56_Detected
0000000000000668 l       .text	0000000000000000 NextLevel
00000000000006c8 l       .text	0000000000000000 no_minidbg
000000000000070c l       .text	0000000000000000 AllSetsOn
00000000000006fc l       .text	0000000000000000 OneSetLoop
000000000000074c l       .text	0000000000000000 mcr_bc_off
000000000000077c l       .text	0000000000000000 gtr_bc_off
0000000000000860 l       .text	0000000000000000 WriteSIO_ICD
0000000000000878 l       .text	0000000000000000 WriteSIO_UBCSA
0000000000000880 l       .text	0000000000000000 WriteSIO_UBCSB
0000000000000868 l       .text	0000000000000000 WriteSIO_PAC
0000000000000870 l       .text	0000000000000000 WriteSIO_PAPC
0000000000000844 l       .text	0000000000000000 time_loop
0000000000000854 l       .text	0000000000000000 nowrap
0000000000000884 l       .text	0000000000000000 WriteConf
0000000000000928 l       .text	0000000000000000 WriteData
00000000000008cc l       .text	0000000000000000 skipSromPort
0000000000000914 l       .text	0000000000000000 WriteCont
00000000000008d4 l       .text	0000000000000000 WriteFBank
0000000000000910 l       .text	0000000000000000 WriteCont_std
00000000000008ec l       .text	0000000000000000 WriteRTCAddr
00000000000008f4 l       .text	0000000000000000 WriteRTCData
00000000000008fc l       .text	0000000000000000 WriteSIO_NMISC
0000000000000904 l       .text	0000000000000000 WriteSIO_TMR2
000000000000090c l       .text	0000000000000000 WriteSIO_TCW
0000000000000938 l       .text	0000000000000000 ReadRTCData
000000000000094c l       .text	0000000000000000 ReadCont
0000000000000940 l       .text	0000000000000000 ReadConf2
0000000000000958 l       .text	0000000000000000 ReadData
000000000000096c l       .text	0000000000000000 intdivide
00000000000009a0 l       .text	0000000000000000 divide_done
0000000000000978 l       .text	0000000000000000 divide
000000000000097c l       .text	0000000000000000 divide1
00000000000009a4 l       .text	0000000000000000 updivide
00000000000009b8 l       .text	0000000000000000 updivide_done
00000000000009e8 l       .text	0000000000000000 nintdivide_done
00000000000009f8 l       .text	0000000000000000 srom_rdtest
0000000000000aec l       .text	0000000000000000 wait_for_pif
0000000000000a44 l       .text	0000000000000000 Beep
0000000000000ae4 l       .text	0000000000000000 noshft
0000000000000b00 l       .text	0000000000000000 wait_assert
0000000000000b2c l       .text	0000000000000000 scanROM
0000000000000b34 l       .text	0000000000000000 rescanROM
0000000000000b6c l       .text	0000000000000000 ValidationPattern
0000000000000b50 l       .text	0000000000000000 DoneWithROM
0000000000000c70 l       .text	0000000000000000 NoHeader
0000000000000d5c l       .text	0000000000000000 read_flash
0000000000000b98 l       .text	0000000000000000 InversePattern
0000000000000bb0 l       .text	0000000000000000 HeaderSize
0000000000000bf0 l       .text	0000000000000000 HeaderIsValid
0000000000000bc8 l       .text	0000000000000000 HeaderCheckSum
0000000000000c38 l       .text	0000000000000000 PositionDependent
0000000000000c28 l       .text	0000000000000000 FirmwareID
0000000000000c90 l       .text	0000000000000000 headerEnd
0000000000000cbc l       .text	0000000000000000 LoadComp
0000000000000ca4 l       .text	0000000000000000 LoadUncomp
0000000000000cfc l       .text	0000000000000000 ImageCheckSums
0000000000000e00 l       .text	0000000000000000 getRecord
0000000000000ccc l       .text	0000000000000000 LoadCInit
0000000000000cd4 l       .text	0000000000000000 LoadCLoop
0000000000000dd8 l       .text	0000000000000000 getByte
0000000000000cf8 l       .text	0000000000000000 DecompressionDone
0000000000000d58 l       .text	0000000000000000 codeLoaded
0000000000000d50 l       .text	0000000000000000 SumMismatch
0000000000000d18 l       .text	0000000000000000 flush
0000000000000d2c l       .text	0000000000000000 secondcheck
0000000000000da4 l       .text	0000000000000000 ComputeCheckSum
0000000000000da8 l       .text	0000000000000000 CheckSumLoop
0000000000000df0 l       .text	0000000000000000 repByte
0000000000000e18 l       .text	0000000000000000 ReadFByte
0000000000000e14 l       .text	0000000000000000 norepeat
0000000000000e3c l       .text	0000000000000000 skipRd


